\BOOKMARK [0][-]{chapter.1}{Introduction}{}% 1
\BOOKMARK [1][-]{section.1.1}{Motivations}{chapter.1}% 2
\BOOKMARK [1][-]{section.1.2}{Prior Work}{chapter.1}% 3
\BOOKMARK [1][-]{section.1.3}{Project Overview}{chapter.1}% 4
\BOOKMARK [0][-]{chapter.2}{Preparation}{}% 5
\BOOKMARK [1][-]{section.2.1}{Mushroom World}{chapter.2}% 6
\BOOKMARK [2][-]{subsection.2.1.1}{Mushrooms}{section.2.1}% 7
\BOOKMARK [2][-]{subsection.2.1.2}{Environment}{section.2.1}% 8
\BOOKMARK [1][-]{section.2.2}{Entities}{chapter.2}% 9
\BOOKMARK [2][-]{subsection.2.2.1}{Feed-Forward Neural Networks}{section.2.2}% 10
\BOOKMARK [2][-]{subsection.2.2.2}{Genetic Algorithm}{section.2.2}% 11
\BOOKMARK [2][-]{subsection.2.2.3}{Population types}{section.2.2}% 12
\BOOKMARK [1][-]{section.2.3}{Evaluation Metrics}{chapter.2}% 13
\BOOKMARK [2][-]{subsection.2.3.1}{Generational Fitness}{section.2.3}% 14
\BOOKMARK [2][-]{subsection.2.3.2}{Efficiency of Language}{section.2.3}% 15
\BOOKMARK [1][-]{section.2.4}{Requirements Analysis}{chapter.2}% 16
\BOOKMARK [1][-]{section.2.5}{Starting Point}{chapter.2}% 17
\BOOKMARK [1][-]{section.2.6}{Software Engineering}{chapter.2}% 18
\BOOKMARK [2][-]{subsection.2.6.1}{Languages and Libraries}{section.2.6}% 19
\BOOKMARK [2][-]{subsection.2.6.2}{Project Management}{section.2.6}% 20
\BOOKMARK [2][-]{subsection.2.6.3}{Version Control}{section.2.6}% 21
\BOOKMARK [2][-]{subsection.2.6.4}{Development tools}{section.2.6}% 22
\BOOKMARK [2][-]{subsection.2.6.5}{Development environment}{section.2.6}% 23
\BOOKMARK [2][-]{subsection.2.6.6}{Code License}{section.2.6}% 24
\BOOKMARK [1][-]{section.2.7}{Summary}{chapter.2}% 25
\BOOKMARK [0][-]{chapter.3}{Implementation}{}% 26
\BOOKMARK [0][-]{chapter.4}{Evaluation}{}% 27
\BOOKMARK [0][-]{chapter.5}{Conclusion}{}% 28
\BOOKMARK [0][-]{chapter.5}{Bibliography}{}% 29
\BOOKMARK [0][-]{appendix.A}{Project Proposal}{}% 30
